E:\PROJECTS\PROJECTS\C#\2017\LOGGER\LOGGER\DEBUG\LOGGER.PCH
E:\PROJECTS\PROJECTS\C#\2017\LOGGER\LOGGER\DEBUG\STDAFX.OBJ
E:\PROJECTS\PROJECTS\C#\2017\LOGGER\LOGGER\DEBUG\VC110.PDB
E:\PROJECTS\PROJECTS\C#\2017\LOGGER\LOGGER\DEBUG\LOGGER.OBJ
E:\PROJECTS\PROJECTS\C#\2017\LOGGER\DEBUG\LOGGER.ILK
E:\PROJECTS\PROJECTS\C#\2017\LOGGER\DEBUG\LOGGER.EXE
E:\PROJECTS\PROJECTS\C#\2017\LOGGER\DEBUG\LOGGER.PDB
E:\Projects\Projects\C#\2017\logger\logger\Debug\logger.obj
E:\Projects\Projects\C#\2017\logger\logger\Debug\stdafx.obj
E:\Projects\Projects\C#\2017\logger\logger\Debug\cl.command.1.tlog
E:\Projects\Projects\C#\2017\logger\logger\Debug\CL.read.1.tlog
E:\Projects\Projects\C#\2017\logger\logger\Debug\CL.write.1.tlog
E:\Projects\Projects\C#\2017\logger\logger\Debug\link-cvtres.read.1.tlog
E:\Projects\Projects\C#\2017\logger\logger\Debug\link-cvtres.write.1.tlog
E:\Projects\Projects\C#\2017\logger\logger\Debug\link-rc.read.1.tlog
E:\Projects\Projects\C#\2017\logger\logger\Debug\link-rc.write.1.tlog
E:\Projects\Projects\C#\2017\logger\logger\Debug\link.command.1.tlog
E:\Projects\Projects\C#\2017\logger\logger\Debug\link.read.1.tlog
E:\Projects\Projects\C#\2017\logger\logger\Debug\link.write.1.tlog
E:\Projects\Projects\C#\2017\logger\logger\Debug\logger.pch
E:\Projects\Projects\C#\2017\logger\logger\Debug\vc110.idb
E:\Projects\Projects\C#\2017\logger\logger\Debug\vc110.pdb
E:\Projects\Projects\C#\2017\logger\Debug\logger.pdb
E:\Projects\Projects\C#\2017\logger\Debug\logger.exe
E:\Projects\Projects\C#\2017\logger\Debug\logger.ilk
